x26 = Identificador
= = Asignacion
1.5e-8 = Numero
; = FinDeSentencia
== = OpRelacional
& = Caracter
&& = OpLogico
|| = OpLogico
| = Caracter
! = OpLogico
!= = OpRelacional
< = OpRelacional
< = OpRelacional
< = OpRelacional
> = OpRelacional
> = OpRelacional
> = OpRelacional
>= = OpRelacional
<= = OpRelacional
++ = IncTermino
+ = OpTermino
-- = IncTermino
- = OpTermino
+= = IncTermino
-= = IncTermino
* = OpFactor
/ = OpFactor
*= = IncFactor
/= = IncFactor
% = OpFactor
%= = IncFactor
? = OpTernario
" = Cadena
" = Cadena
" = Cadena
Hola = Identificador
mundo = Identificador
" = Cadena
{ = Caracter
} = Caracter
"￿ = Cadena
